{"level":"error","ts":"[2023-07-03 11:38:41.979]","caller":"service/UserService.go:55","msg":"query error: username is zcy, password is 12346"}
{"level":"error","ts":"[2023-07-03 11:38:57.469]","caller":"service/UserService.go:55","msg":"query error: username is zcy, password is 123456"}
{"level":"error","ts":"[2023-07-03 11:40:32.857]","caller":"service/UserService.go:55","msg":"query error: username is zcy, password is 123456"}
{"level":"error","ts":"[2023-07-03 11:52:30.444]","caller":"service/UserService.go:55","msg":"query error: username is zcy, password is 12345"}
{"level":"error","ts":"[2023-07-03 15:57:22.383]","caller":"service/UserService.go:60","msg":"query error: username is 史涵宇, password is 1234569"}
{"level":"error","ts":"[2023-07-03 16:07:52.980]","caller":"gin@v1.9.1/context.go:174","msg":"登录失败：密码错误"}
{"level":"error","ts":"[2023-07-03 16:08:50.771]","caller":"gin@v1.9.1/context.go:174","msg":"登录失败：密码错误"}
{"level":"error","ts":"[2023-07-03 16:16:51.604]","caller":"gin@v1.9.1/context.go:174","msg":"登录失败：密码错误"}
{"level":"error","ts":"[2023-07-03 16:20:04.216]","caller":"gin@v1.9.1/context.go:174","msg":"登录失败：密码错误"}
{"level":"error","ts":"[2023-07-03 16:25:34.477]","caller":"gin@v1.9.1/context.go:174","msg":"账号被冻结"}
{"level":"error","ts":"[2023-07-03 16:27:05.486]","caller":"gin@v1.9.1/context.go:174","msg":"账号被冻结"}
{"level":"error","ts":"[2023-07-03 16:31:15.712]","caller":"gin@v1.9.1/context.go:174","msg":"登录失败：密码错误"}
{"level":"error","ts":"[2023-07-03 16:32:41.792]","caller":"gin@v1.9.1/context.go:174","msg":"登录失败：密码错误"}
{"level":"error","ts":"[2023-07-03 16:50:57.226]","caller":"gin@v1.9.1/context.go:174","msg":"登录失败：密码错误"}
{"level":"error","ts":"[2023-07-03 16:51:40.454]","caller":"gin@v1.9.1/context.go:174","msg":"登录失败：密码错误"}
{"level":"error","ts":"[2023-07-03 17:09:07.690]","caller":"gin@v1.9.1/context.go:174","msg":"登录失败：密码错误"}
{"level":"error","ts":"[2023-07-03 17:11:30.794]","caller":"gin@v1.9.1/context.go:174","msg":"登录失败：密码错误"}
{"level":"error","ts":"[2023-07-03 18:05:24.074]","caller":"gin@v1.9.1/context.go:174","msg":"登录失败：密码错误"}
{"level":"error","ts":"[2023-07-03 18:05:27.589]","caller":"gin@v1.9.1/context.go:174","msg":"登录失败：密码错误"}
{"level":"error","ts":"[2023-07-03 18:17:47.517]","caller":"gin@v1.9.1/context.go:174","msg":"账号被冻结"}
{"level":"error","ts":"[2023-07-03 18:19:27.518]","caller":"gin@v1.9.1/context.go:174","msg":"账号被冻结"}
{"level":"error","ts":"[2023-07-03 18:20:17.411]","caller":"gin@v1.9.1/context.go:174","msg":"账号被冻结"}
{"level":"error","ts":"[2023-07-03 18:38:24.282]","caller":"gin@v1.9.1/context.go:174","msg":"账号被冻结"}
{"level":"error","ts":"[2023-07-03 21:12:56.646]","caller":"gin@v1.9.1/context.go:174","msg":"账号被冻结"}
{"level":"error","ts":"[2023-07-03 21:13:38.009]","caller":"gin@v1.9.1/context.go:174","msg":"账号被冻结"}
{"level":"error","ts":"[2023-07-03 21:14:11.295]","caller":"gin@v1.9.1/context.go:174","msg":"账号被冻结"}
{"level":"error","ts":"[2023-07-03 21:14:42.968]","caller":"gin@v1.9.1/context.go:174","msg":"账号被冻结"}
{"level":"error","ts":"[2023-07-03 21:15:24.300]","caller":"gin@v1.9.1/context.go:174","msg":"账号被冻结"}
{"level":"error","ts":"[2023-07-03 21:55:18.497]","caller":"gin@v1.9.1/context.go:174","msg":"登陆失败! 用户名不存在或者密码错误!{ 27 0  <nil>}"}
{"level":"error","ts":"[2023-07-03 21:56:19.016]","caller":"gin@v1.9.1/context.go:174","msg":"登陆失败! 用户名不存在或者密码错误!{ 27 0  <nil>}"}
{"level":"error","ts":"[2023-07-03 21:57:20.973]","caller":"gin@v1.9.1/context.go:174","msg":"登陆失败! 用户名不存在或者密码错误!{ 27 0  <nil>}"}
{"level":"error","ts":"[2023-07-03 21:58:12.147]","caller":"gin@v1.9.1/context.go:174","msg":"登陆失败! 用户名不存在或者密码错误!{error 26 0  密码错误}"}
{"level":"error","ts":"[2023-07-03 21:59:13.964]","caller":"gin@v1.9.1/context.go:174","msg":"登陆失败! 用户名不存在或者密码错误!{ 27 0  <nil>}"}
