{"level":"info","ts":"[2023-07-02 07:10:22.307]","caller":"gin@v1.9.1/context.go:174","msg":"Before request %!(EXTRA zapcore.Field={request 23 0  0xc000670300})"}
{"level":"info","ts":"[2023-07-02 07:10:22.309]","caller":"gin@v1.9.1/context.go:174","msg":"After request %!(EXTRA zapcore.Field={request 11 200  <nil>})"}
{"level":"info","ts":"[2023-07-02 10:36:01.088]","caller":"gin@v1.9.1/context.go:174","msg":"Before request %!(EXTRA zapcore.Field={request 23 0  0xc0004ca100})"}
{"level":"info","ts":"[2023-07-02 10:38:05.399]","caller":"gin@v1.9.1/context.go:174","msg":"Before request %!(EXTRA zapcore.Field={request 23 0  0xc00013e100})"}
{"level":"info","ts":"[2023-07-02 10:38:05.404]","caller":"gin@v1.9.1/context.go:174","msg":"After request %!(EXTRA zapcore.Field={request 11 200  <nil>})"}
{"level":"info","ts":"[2023-07-02 10:46:40.834]","caller":"gin@v1.9.1/context.go:174","msg":"Before request %!(EXTRA zapcore.Field={request 23 0  0xc0000be200})"}
{"level":"info","ts":"[2023-07-02 10:46:40.838]","caller":"gin@v1.9.1/context.go:174","msg":"After request %!(EXTRA zapcore.Field={request 11 200  <nil>})"}
{"level":"info","ts":"[2023-07-02 10:53:47.544]","caller":"gin@v1.9.1/context.go:174","msg":"Before request %!(EXTRA zapcore.Field={request 23 0  0xc0005ae000})"}
{"level":"info","ts":"[2023-07-02 10:53:47.546]","caller":"gin@v1.9.1/context.go:174","msg":"After request %!(EXTRA zapcore.Field={request 11 200  <nil>})"}
{"level":"info","ts":"[2023-07-02 10:57:45.962]","caller":"gin@v1.9.1/context.go:174","msg":"Before request %!(EXTRA zapcore.Field={request 23 0  0xc00007c400})"}
{"level":"info","ts":"[2023-07-02 10:57:45.965]","caller":"gin@v1.9.1/context.go:174","msg":"After request %!(EXTRA zapcore.Field={request 11 200  <nil>})"}
{"level":"info","ts":"[2023-07-02 10:59:21.001]","caller":"gin@v1.9.1/context.go:174","msg":"Before request %!(EXTRA zapcore.Field={request 23 0  0xc000798100})"}
{"level":"info","ts":"[2023-07-02 10:59:21.005]","caller":"gin@v1.9.1/context.go:174","msg":"After request %!(EXTRA zapcore.Field={request 11 200  <nil>})"}
{"level":"info","ts":"[2023-07-02 11:04:01.086]","caller":"gin@v1.9.1/context.go:174","msg":"Before request %!(EXTRA zapcore.Field={request 23 0  0xc0004ac100})"}
{"level":"info","ts":"[2023-07-02 11:04:01.087]","caller":"gin@v1.9.1/context.go:174","msg":"After request %!(EXTRA zapcore.Field={request 11 200  <nil>})"}
{"level":"info","ts":"[2023-07-02 11:04:36.738]","caller":"gin@v1.9.1/context.go:174","msg":"Before request %!(EXTRA zapcore.Field={request 23 0  0xc00013e300})"}
{"level":"info","ts":"[2023-07-02 11:04:36.740]","caller":"gin@v1.9.1/context.go:174","msg":"After request %!(EXTRA zapcore.Field={request 11 200  <nil>})"}
{"level":"info","ts":"[2023-07-02 11:04:38.316]","caller":"gin@v1.9.1/context.go:174","msg":"Before request %!(EXTRA zapcore.Field={request 23 0  0xc0006a8000})"}
{"level":"info","ts":"[2023-07-02 11:04:38.318]","caller":"gin@v1.9.1/context.go:174","msg":"After request %!(EXTRA zapcore.Field={request 11 200  <nil>})"}
{"level":"info","ts":"[2023-07-02 11:05:37.134]","caller":"gin@v1.9.1/context.go:174","msg":"Before request %!(EXTRA zapcore.Field={request 23 0  0xc000530000})"}
{"level":"info","ts":"[2023-07-02 11:05:37.137]","caller":"gin@v1.9.1/context.go:174","msg":"After request %!(EXTRA zapcore.Field={request 11 200  <nil>})"}
{"level":"info","ts":"[2023-07-02 11:06:15.478]","caller":"gin@v1.9.1/context.go:174","msg":"Before request %!(EXTRA zapcore.Field={request 23 0  0xc000740500})"}
{"level":"info","ts":"[2023-07-02 11:06:15.480]","caller":"gin@v1.9.1/context.go:174","msg":"After request %!(EXTRA zapcore.Field={request 11 200  <nil>})"}
{"level":"info","ts":"[2023-07-02 11:09:48.602]","caller":"gin@v1.9.1/context.go:174","msg":"Before request %!(EXTRA zapcore.Field={request 23 0  0xc0000e6300})"}
{"level":"info","ts":"[2023-07-02 11:09:48.603]","caller":"gin@v1.9.1/context.go:174","msg":"After request %!(EXTRA zapcore.Field={request 11 200  <nil>})"}
{"level":"info","ts":"[2023-07-02 11:14:50.771]","caller":"gin@v1.9.1/context.go:174","msg":"Before request %!(EXTRA zapcore.Field={request 23 0  0xc00013e200})"}
{"level":"info","ts":"[2023-07-02 11:14:50.774]","caller":"gin@v1.9.1/context.go:174","msg":"After request %!(EXTRA zapcore.Field={request 11 200  <nil>})"}
{"level":"info","ts":"[2023-07-02 11:17:07.081]","caller":"gin@v1.9.1/context.go:174","msg":"Before request %!(EXTRA zapcore.Field={request 23 0  0xc0006a6400})"}
{"level":"info","ts":"[2023-07-02 11:17:07.084]","caller":"gin@v1.9.1/context.go:174","msg":"After request %!(EXTRA zapcore.Field={request 11 200  <nil>})"}
{"level":"info","ts":"[2023-07-02 11:25:13.180]","caller":"gin@v1.9.1/context.go:174","msg":"Before request %!(EXTRA zapcore.Field={request 23 0  0xc00013e200})"}
{"level":"info","ts":"[2023-07-02 11:25:13.182]","caller":"gin@v1.9.1/context.go:174","msg":"After request %!(EXTRA zapcore.Field={request 11 200  <nil>})"}
{"level":"info","ts":"[2023-07-02 11:27:19.591]","caller":"gin@v1.9.1/context.go:174","msg":"Before request %!(EXTRA zapcore.Field={request 23 0  0xc000790200})"}
{"level":"info","ts":"[2023-07-02 11:27:19.594]","caller":"gin@v1.9.1/context.go:174","msg":"After request %!(EXTRA zapcore.Field={request 11 200  <nil>})"}
{"level":"info","ts":"[2023-07-02 11:29:07.814]","caller":"gin@v1.9.1/context.go:174","msg":"Before request %!(EXTRA zapcore.Field={request 23 0  0xc00013e400})"}
{"level":"info","ts":"[2023-07-02 11:29:07.816]","caller":"gin@v1.9.1/context.go:174","msg":"After request %!(EXTRA zapcore.Field={request 11 200  <nil>})"}
{"level":"info","ts":"[2023-07-02 11:31:03.273]","caller":"gin@v1.9.1/context.go:174","msg":"Before request %!(EXTRA zapcore.Field={request 23 0  0xc000496200})"}
{"level":"info","ts":"[2023-07-02 11:31:03.275]","caller":"gin@v1.9.1/context.go:174","msg":"After request %!(EXTRA zapcore.Field={request 11 200  <nil>})"}
{"level":"info","ts":"[2023-07-02 11:32:34.126]","caller":"gin@v1.9.1/context.go:174","msg":"Before request %!(EXTRA zapcore.Field={request 23 0  0xc000566300})"}
{"level":"info","ts":"[2023-07-02 11:32:34.129]","caller":"gin@v1.9.1/context.go:174","msg":"After request %!(EXTRA zapcore.Field={request 11 200  <nil>})"}
{"level":"info","ts":"[2023-07-02 11:34:14.226]","caller":"gin@v1.9.1/context.go:174","msg":"Before request %!(EXTRA zapcore.Field={request 23 0  0xc00049e100})"}
{"level":"info","ts":"[2023-07-02 11:34:14.229]","caller":"gin@v1.9.1/context.go:174","msg":"After request %!(EXTRA zapcore.Field={request 11 200  <nil>})"}
{"level":"info","ts":"[2023-07-02 11:34:57.476]","caller":"gin@v1.9.1/context.go:174","msg":"Before request %!(EXTRA zapcore.Field={request 23 0  0xc0005c2400})"}
{"level":"info","ts":"[2023-07-02 11:34:57.477]","caller":"service/UserService.go:27","msg":"query * from users where username = zcyz"}
{"level":"info","ts":"[2023-07-02 11:34:57.477]","caller":"gin@v1.9.1/context.go:174","msg":"After request %!(EXTRA zapcore.Field={request 11 200  <nil>})"}
{"level":"info","ts":"[2023-07-02 11:37:02.070]","caller":"gin@v1.9.1/context.go:174","msg":"Before request %!(EXTRA zapcore.Field={request 23 0  0xc0004be200})"}
{"level":"info","ts":"[2023-07-02 11:37:02.071]","caller":"service/UserService.go:28","msg":"query * from users where username = zcyz"}
{"level":"info","ts":"[2023-07-02 11:37:02.072]","caller":"gin@v1.9.1/context.go:174","msg":"After request %!(EXTRA zapcore.Field={request 11 200  <nil>})"}
{"level":"info","ts":"[2023-07-02 11:40:50.752]","caller":"gin@v1.9.1/context.go:174","msg":"Before request %!(EXTRA zapcore.Field={request 23 0  0xc0004ae000})"}
{"level":"info","ts":"[2023-07-02 11:40:50.754]","caller":"service/UserService.go:27","msg":"query * from users where username = zcyz"}
{"level":"info","ts":"[2023-07-02 11:40:50.755]","caller":"gin@v1.9.1/context.go:174","msg":"After request %!(EXTRA zapcore.Field={request 11 200  <nil>})"}
{"level":"info","ts":"[2023-07-02 11:42:22.441]","caller":"gin@v1.9.1/context.go:174","msg":"Before request %!(EXTRA zapcore.Field={request 23 0  0xc00082c200})"}
{"level":"info","ts":"[2023-07-02 11:42:30.711]","caller":"service/UserService.go:27","msg":"query * from users where username = zcyz"}
{"level":"info","ts":"[2023-07-02 11:42:30.712]","caller":"gin@v1.9.1/context.go:174","msg":"After request %!(EXTRA zapcore.Field={request 11 200  <nil>})"}
{"level":"info","ts":"[2023-07-02 11:44:44.007]","caller":"gin@v1.9.1/context.go:174","msg":"Before request %!(EXTRA zapcore.Field={request 23 0  0xc0000a2500})"}
{"level":"info","ts":"[2023-07-02 11:44:44.009]","caller":"service/UserService.go:28","msg":"query * from users where username = zcyz"}
{"level":"info","ts":"[2023-07-02 11:44:48.566]","caller":"gin@v1.9.1/context.go:174","msg":"After request %!(EXTRA zapcore.Field={request 11 200  <nil>})"}
{"level":"info","ts":"[2023-07-02 11:58:57.165]","caller":"gin@v1.9.1/context.go:174","msg":"Before request %!(EXTRA zapcore.Field={request 23 0  0xc0007ac300})"}
{"level":"info","ts":"[2023-07-02 11:58:57.166]","caller":"service/UserService.go:28","msg":"query * from users where username = zcyz"}
{"level":"info","ts":"[2023-07-02 11:58:57.166]","caller":"gin@v1.9.1/context.go:174","msg":"After request %!(EXTRA zapcore.Field={request 11 200  <nil>})"}
{"level":"info","ts":"[2023-07-02 12:26:29.347]","caller":"gin@v1.9.1/context.go:174","msg":"Before request %!(EXTRA zapcore.Field={request 23 0  0xc0007c6000})"}
{"level":"info","ts":"[2023-07-02 12:26:29.348]","caller":"gin@v1.9.1/context.go:174","msg":"After request %!(EXTRA zapcore.Field={request 11 404  <nil>})"}
{"level":"info","ts":"[2023-07-02 12:27:09.109]","caller":"gin@v1.9.1/context.go:174","msg":"Before request %!(EXTRA zapcore.Field={request 23 0  0xc000622100})"}
{"level":"info","ts":"[2023-07-02 12:27:09.110]","caller":"gin@v1.9.1/context.go:174","msg":"After request %!(EXTRA zapcore.Field={request 11 404  <nil>})"}
{"level":"info","ts":"[2023-07-02 12:27:47.379]","caller":"gin@v1.9.1/context.go:174","msg":"Before request %!(EXTRA zapcore.Field={request 23 0  0xc000432000})"}
{"level":"info","ts":"[2023-07-02 12:27:47.379]","caller":"gin@v1.9.1/context.go:174","msg":"After request %!(EXTRA zapcore.Field={request 11 404  <nil>})"}
{"level":"info","ts":"[2023-07-02 12:30:05.479]","caller":"gin@v1.9.1/context.go:174","msg":"Before request %!(EXTRA zapcore.Field={request 23 0  0xc0004be100})"}
{"level":"info","ts":"[2023-07-02 12:30:05.480]","caller":"gin@v1.9.1/context.go:174","msg":"After request %!(EXTRA zapcore.Field={request 11 404  <nil>})"}
{"level":"info","ts":"[2023-07-02 12:31:37.237]","caller":"gin@v1.9.1/context.go:174","msg":"Before request %!(EXTRA zapcore.Field={request 23 0  0xc000532100})"}
{"level":"info","ts":"[2023-07-02 12:31:37.239]","caller":"service/UserService.go:29","msg":"query * from users where username = "}
{"level":"info","ts":"[2023-07-02 12:31:37.239]","caller":"gin@v1.9.1/context.go:174","msg":"After request %!(EXTRA zapcore.Field={request 11 200  <nil>})"}
{"level":"info","ts":"[2023-07-02 12:33:38.691]","caller":"gin@v1.9.1/context.go:174","msg":"Before request %!(EXTRA zapcore.Field={request 23 0  0xc00013e200})"}
{"level":"info","ts":"[2023-07-02 12:33:38.691]","caller":"gin@v1.9.1/context.go:174","msg":"After request %!(EXTRA zapcore.Field={request 11 404  <nil>})"}
{"level":"info","ts":"[2023-07-02 12:34:13.688]","caller":"gin@v1.9.1/context.go:174","msg":"Before request %!(EXTRA zapcore.Field={request 23 0  0xc000522000})"}
{"level":"info","ts":"[2023-07-02 12:34:13.690]","caller":"service/UserService.go:29","msg":"query * from users where username = zcy"}
{"level":"info","ts":"[2023-07-02 12:34:13.691]","caller":"gin@v1.9.1/context.go:174","msg":"After request %!(EXTRA zapcore.Field={request 11 200  <nil>})"}
{"level":"info","ts":"[2023-07-02 12:34:22.777]","caller":"gin@v1.9.1/context.go:174","msg":"Before request %!(EXTRA zapcore.Field={request 23 0  0xc00007c400})"}
{"level":"info","ts":"[2023-07-02 12:34:22.780]","caller":"service/UserService.go:29","msg":"query * from users where username = zcy1"}
{"level":"info","ts":"[2023-07-02 12:34:22.780]","caller":"gin@v1.9.1/context.go:174","msg":"After request %!(EXTRA zapcore.Field={request 11 200  <nil>})"}
{"level":"info","ts":"[2023-07-02 12:41:29.814]","caller":"gin@v1.9.1/context.go:174","msg":"Before request %!(EXTRA zapcore.Field={request 23 0  0xc0000c8000})"}
{"level":"info","ts":"[2023-07-02 12:41:29.816]","caller":"service/UserService.go:29","msg":"query * from users where username = zcy1"}
{"level":"info","ts":"[2023-07-02 12:41:29.816]","caller":"gin@v1.9.1/context.go:174","msg":"After request %!(EXTRA zapcore.Field={request 11 200  <nil>})"}
{"level":"info","ts":"[2023-07-02 12:43:02.480]","caller":"gin@v1.9.1/context.go:174","msg":"Before request %!(EXTRA zapcore.Field={request 23 0  0xc00013e300})"}
{"level":"info","ts":"[2023-07-02 12:43:02.482]","caller":"service/UserService.go:29","msg":"query * from users where username = zcy1"}
{"level":"info","ts":"[2023-07-02 12:43:02.482]","caller":"gin@v1.9.1/context.go:174","msg":"After request %!(EXTRA zapcore.Field={request 11 200  <nil>})"}
{"level":"info","ts":"[2023-07-02 13:04:58.198]","caller":"gin@v1.9.1/context.go:174","msg":"Before request %!(EXTRA zapcore.Field={request 23 0  0xc000422100})"}
{"level":"info","ts":"[2023-07-02 13:04:58.201]","caller":"service/UserService.go:29","msg":"query * from users where username = zcy1"}
{"level":"info","ts":"[2023-07-02 13:04:58.202]","caller":"gin@v1.9.1/context.go:174","msg":"After request %!(EXTRA zapcore.Field={request 11 200  <nil>})"}
{"level":"info","ts":"[2023-07-02 13:05:21.820]","caller":"gin@v1.9.1/context.go:174","msg":"Before request %!(EXTRA zapcore.Field={request 23 0  0xc0000e6300})"}
{"level":"info","ts":"[2023-07-02 13:05:21.822]","caller":"service/UserService.go:29","msg":"query * from users where username = zcy"}
{"level":"info","ts":"[2023-07-02 13:05:21.823]","caller":"gin@v1.9.1/context.go:174","msg":"After request %!(EXTRA zapcore.Field={request 11 200  <nil>})"}
{"level":"info","ts":"[2023-07-02 13:17:59.906]","caller":"gin@v1.9.1/context.go:174","msg":"Before request %!(EXTRA zapcore.Field={request 23 0  0xc00013e200})"}
{"level":"info","ts":"[2023-07-02 13:17:59.907]","caller":"service/UserService.go:29","msg":"query * from users where username = zcy"}
{"level":"info","ts":"[2023-07-02 13:17:59.908]","caller":"gin@v1.9.1/context.go:174","msg":"After request %!(EXTRA zapcore.Field={request 11 400  <nil>})"}
{"level":"info","ts":"[2023-07-02 13:18:08.963]","caller":"gin@v1.9.1/context.go:174","msg":"Before request %!(EXTRA zapcore.Field={request 23 0  0xc000088600})"}
{"level":"info","ts":"[2023-07-02 13:18:08.965]","caller":"service/UserService.go:29","msg":"query * from users where username = zcy"}
{"level":"info","ts":"[2023-07-02 13:18:08.965]","caller":"gin@v1.9.1/context.go:174","msg":"After request %!(EXTRA zapcore.Field={request 11 400  <nil>})"}
{"level":"info","ts":"[2023-07-02 13:18:15.219]","caller":"gin@v1.9.1/context.go:174","msg":"Before request %!(EXTRA zapcore.Field={request 23 0  0xc00013e300})"}
{"level":"info","ts":"[2023-07-02 13:18:15.221]","caller":"service/UserService.go:29","msg":"query * from users where username = zcy"}
{"level":"info","ts":"[2023-07-02 13:18:15.221]","caller":"gin@v1.9.1/context.go:174","msg":"After request %!(EXTRA zapcore.Field={request 11 400  <nil>})"}
{"level":"info","ts":"[2023-07-02 13:18:34.360]","caller":"gin@v1.9.1/context.go:174","msg":"Before request %!(EXTRA zapcore.Field={request 23 0  0xc000088800})"}
{"level":"info","ts":"[2023-07-02 13:18:34.362]","caller":"service/UserService.go:29","msg":"query * from users where username = zcy"}
{"level":"info","ts":"[2023-07-02 13:18:34.362]","caller":"gin@v1.9.1/context.go:174","msg":"After request %!(EXTRA zapcore.Field={request 11 400  <nil>})"}
{"level":"info","ts":"[2023-07-02 13:18:52.090]","caller":"gin@v1.9.1/context.go:174","msg":"Before request %!(EXTRA zapcore.Field={request 23 0  0xc000496100})"}
{"level":"info","ts":"[2023-07-02 13:18:52.093]","caller":"gin@v1.9.1/context.go:174","msg":"After request %!(EXTRA zapcore.Field={request 11 200  <nil>})"}
{"level":"info","ts":"[2023-07-02 13:19:00.433]","caller":"gin@v1.9.1/context.go:174","msg":"Before request %!(EXTRA zapcore.Field={request 23 0  0xc000496200})"}
{"level":"info","ts":"[2023-07-02 13:19:00.436]","caller":"gin@v1.9.1/context.go:174","msg":"After request %!(EXTRA zapcore.Field={request 11 200  <nil>})"}
{"level":"info","ts":"[2023-07-02 13:19:09.591]","caller":"gin@v1.9.1/context.go:174","msg":"Before request %!(EXTRA zapcore.Field={request 23 0  0xc00013e400})"}
{"level":"info","ts":"[2023-07-02 13:19:09.592]","caller":"gin@v1.9.1/context.go:174","msg":"After request %!(EXTRA zapcore.Field={request 11 200  <nil>})"}
{"level":"info","ts":"[2023-07-02 13:22:55.284]","caller":"gin@v1.9.1/context.go:174","msg":"Before request %!(EXTRA zapcore.Field={request 23 0  0xc0006c8300})"}
{"level":"info","ts":"[2023-07-02 13:22:55.285]","caller":"service/login.go:23","msg":"username is zcy, password is 12345"}
{"level":"info","ts":"[2023-07-02 13:22:55.286]","caller":"gin@v1.9.1/context.go:174","msg":"After request %!(EXTRA zapcore.Field={request 11 200  <nil>})"}
{"level":"info","ts":"[2023-07-02 13:24:30.344]","caller":"gin@v1.9.1/context.go:174","msg":"Before request %!(EXTRA zapcore.Field={request 23 0  0xc00051c200})"}
{"level":"info","ts":"[2023-07-02 13:24:30.344]","caller":"service/login.go:23","msg":"username is zcy, password is 12345"}
{"level":"info","ts":"[2023-07-02 13:24:30.347]","caller":"gin@v1.9.1/context.go:174","msg":"After request %!(EXTRA zapcore.Field={request 11 200  <nil>})"}
{"level":"info","ts":"[2023-07-02 13:24:58.532]","caller":"gin@v1.9.1/context.go:174","msg":"Before request %!(EXTRA zapcore.Field={request 23 0  0xc00013e300})"}
{"level":"info","ts":"[2023-07-02 13:24:58.533]","caller":"service/login.go:23","msg":"username is zcy, password is 123456"}
{"level":"info","ts":"[2023-07-02 13:24:58.536]","caller":"gin@v1.9.1/context.go:174","msg":"After request %!(EXTRA zapcore.Field={request 11 200  <nil>})"}
{"level":"info","ts":"[2023-07-02 13:27:03.871]","caller":"gin@v1.9.1/context.go:174","msg":"Before request %!(EXTRA zapcore.Field={request 23 0  0xc00006a100})"}
{"level":"info","ts":"[2023-07-02 13:27:03.871]","caller":"service/login.go:23","msg":"username is zcy, password is 123456"}
{"level":"info","ts":"[2023-07-02 13:27:03.873]","caller":"gin@v1.9.1/context.go:174","msg":"After request %!(EXTRA zapcore.Field={request 11 200  <nil>})"}
{"level":"info","ts":"[2023-07-02 13:27:08.316]","caller":"gin@v1.9.1/context.go:174","msg":"Before request %!(EXTRA zapcore.Field={request 23 0  0xc00007c500})"}
{"level":"info","ts":"[2023-07-02 13:27:08.317]","caller":"service/login.go:23","msg":"username is zcy, password is 12345"}
{"level":"info","ts":"[2023-07-02 13:27:08.318]","caller":"gin@v1.9.1/context.go:174","msg":"After request %!(EXTRA zapcore.Field={request 11 200  <nil>})"}
{"level":"info","ts":"[2023-07-02 13:46:07.889]","caller":"gin@v1.9.1/context.go:174","msg":"Before request %!(EXTRA zapcore.Field={request 23 0  0xc00013e400})"}
{"level":"info","ts":"[2023-07-02 13:46:07.889]","caller":"gin@v1.9.1/context.go:174","msg":"After request %!(EXTRA zapcore.Field={request 11 200  <nil>})"}
{"level":"info","ts":"[2023-07-02 13:46:14.458]","caller":"gin@v1.9.1/context.go:174","msg":"Before request %!(EXTRA zapcore.Field={request 23 0  0xc000796200})"}
{"level":"info","ts":"[2023-07-02 13:46:14.458]","caller":"gin@v1.9.1/context.go:174","msg":"After request %!(EXTRA zapcore.Field={request 11 200  <nil>})"}
{"level":"info","ts":"[2023-07-02 13:48:18.016]","caller":"gin@v1.9.1/context.go:174","msg":"Before request %!(EXTRA zapcore.Field={request 23 0  0xc000768300})"}
{"level":"info","ts":"[2023-07-02 13:48:18.017]","caller":"gin@v1.9.1/context.go:174","msg":"After request %!(EXTRA zapcore.Field={request 11 200  <nil>})"}
{"level":"info","ts":"[2023-07-02 13:50:38.821]","caller":"gin@v1.9.1/context.go:174","msg":"Before request %!(EXTRA zapcore.Field={request 23 0  0xc000776400})"}
{"level":"info","ts":"[2023-07-02 13:50:38.823]","caller":"gin@v1.9.1/context.go:174","msg":"After request %!(EXTRA zapcore.Field={request 11 200  <nil>})"}
{"level":"info","ts":"[2023-07-02 13:51:25.341]","caller":"gin@v1.9.1/context.go:174","msg":"Before request %!(EXTRA zapcore.Field={request 23 0  0xc00013e200})"}
{"level":"info","ts":"[2023-07-02 13:51:25.342]","caller":"service/UserService.go:25","msg":"query * from users where username = zcy1"}
{"level":"info","ts":"[2023-07-02 13:51:25.342]","caller":"gin@v1.9.1/context.go:174","msg":"After request %!(EXTRA zapcore.Field={request 11 400  <nil>})"}
{"level":"info","ts":"[2023-07-02 13:52:08.427]","caller":"gin@v1.9.1/context.go:174","msg":"Before request %!(EXTRA zapcore.Field={request 23 0  0xc0000e6300})"}
{"level":"info","ts":"[2023-07-02 13:52:08.427]","caller":"service/UserService.go:26","msg":"query * from users where username = zcy"}
{"level":"info","ts":"[2023-07-02 13:52:08.427]","caller":"gin@v1.9.1/context.go:174","msg":"After request %!(EXTRA zapcore.Field={request 11 400  <nil>})"}
{"level":"info","ts":"[2023-07-02 13:52:50.123]","caller":"gin@v1.9.1/context.go:174","msg":"Before request %!(EXTRA zapcore.Field={request 23 0  0xc0000e6500})"}
{"level":"info","ts":"[2023-07-02 13:52:50.124]","caller":"service/UserService.go:26","msg":"query * from users where username = zcy"}
{"level":"info","ts":"[2023-07-02 13:52:50.124]","caller":"gin@v1.9.1/context.go:174","msg":"After request %!(EXTRA zapcore.Field={request 11 400  <nil>})"}
{"level":"info","ts":"[2023-07-02 13:53:51.471]","caller":"gin@v1.9.1/context.go:174","msg":"Before request %!(EXTRA zapcore.Field={request 23 0  0xc0004ac000})"}
{"level":"info","ts":"[2023-07-02 13:54:20.996]","caller":"gin@v1.9.1/context.go:174","msg":"Before request %!(EXTRA zapcore.Field={request 23 0  0xc000430000})"}
{"level":"info","ts":"[2023-07-02 13:54:20.997]","caller":"service/UserService.go:25","msg":"query * from users where username = zcy"}
{"level":"info","ts":"[2023-07-02 13:54:20.997]","caller":"gin@v1.9.1/context.go:174","msg":"After request %!(EXTRA zapcore.Field={request 11 400  <nil>})"}
{"level":"info","ts":"[2023-07-02 13:55:04.445]","caller":"gin@v1.9.1/context.go:174","msg":"Before request %!(EXTRA zapcore.Field={request 23 0  0xc000716100})"}
{"level":"info","ts":"[2023-07-02 13:55:04.450]","caller":"gin@v1.9.1/context.go:174","msg":"After request %!(EXTRA zapcore.Field={request 11 200  <nil>})"}
{"level":"info","ts":"[2023-07-02 14:02:42.628]","caller":"test/test.go:18","msg":"query * from users where username = zcy"}
{"level":"info","ts":"[2023-07-02 14:08:52.500]","caller":"test/test.go:18","msg":"query * from users where username = zcy"}
{"level":"info","ts":"[2023-07-02 14:09:10.159]","caller":"gin@v1.9.1/context.go:174","msg":"Before request %!(EXTRA zapcore.Field={request 23 0  0xc00013e400})"}
{"level":"info","ts":"[2023-07-02 14:09:10.160]","caller":"gin@v1.9.1/context.go:174","msg":"After request %!(EXTRA zapcore.Field={request 11 200  <nil>})"}
{"level":"info","ts":"[2023-07-02 14:10:37.915]","caller":"gin@v1.9.1/context.go:174","msg":"Before request %!(EXTRA zapcore.Field={request 23 0  0xc00059e000})"}
{"level":"info","ts":"[2023-07-02 14:10:37.917]","caller":"gin@v1.9.1/context.go:174","msg":"After request %!(EXTRA zapcore.Field={request 11 200  <nil>})"}
{"level":"info","ts":"[2023-07-02 14:11:37.523]","caller":"gin@v1.9.1/context.go:174","msg":"Before request %!(EXTRA zapcore.Field={request 23 0  0xc000566100})"}
{"level":"info","ts":"[2023-07-02 14:11:37.525]","caller":"gin@v1.9.1/context.go:174","msg":"After request %!(EXTRA zapcore.Field={request 11 200  <nil>})"}
{"level":"info","ts":"[2023-07-02 14:12:17.624]","caller":"gin@v1.9.1/context.go:174","msg":"Before request %!(EXTRA zapcore.Field={request 23 0  0xc000504300})"}
{"level":"info","ts":"[2023-07-02 14:12:17.626]","caller":"service/UserService.go:44","msg":"query by id = 1"}
{"level":"info","ts":"[2023-07-02 14:12:17.626]","caller":"gin@v1.9.1/context.go:174","msg":"After request %!(EXTRA zapcore.Field={request 11 400  <nil>})"}
{"level":"info","ts":"[2023-07-02 14:13:42.220]","caller":"gin@v1.9.1/context.go:174","msg":"Before request %!(EXTRA zapcore.Field={request 23 0  0xc00078a300})"}
{"level":"info","ts":"[2023-07-02 14:13:42.222]","caller":"service/UserService.go:44","msg":"query by id = 1"}
{"level":"info","ts":"[2023-07-02 14:13:42.222]","caller":"gin@v1.9.1/context.go:174","msg":"After request %!(EXTRA zapcore.Field={request 11 400  <nil>})"}
{"level":"info","ts":"[2023-07-02 14:14:46.192]","caller":"gin@v1.9.1/context.go:174","msg":"Before request %!(EXTRA zapcore.Field={request 23 0  0xc0004a0100})"}
{"level":"info","ts":"[2023-07-02 14:14:46.194]","caller":"service/UserService.go:44","msg":"query by id = 1"}
{"level":"info","ts":"[2023-07-02 14:14:46.194]","caller":"gin@v1.9.1/context.go:174","msg":"After request %!(EXTRA zapcore.Field={request 11 400  <nil>})"}
{"level":"info","ts":"[2023-07-02 14:19:06.290]","caller":"gin@v1.9.1/context.go:174","msg":"Before request %!(EXTRA zapcore.Field={request 23 0  0xc00074a000})"}
{"level":"info","ts":"[2023-07-02 14:19:06.291]","caller":"service/UserService.go:44","msg":"query by id = 1"}
{"level":"info","ts":"[2023-07-02 14:19:06.292]","caller":"gin@v1.9.1/context.go:174","msg":"After request %!(EXTRA zapcore.Field={request 11 400  <nil>})"}
{"level":"info","ts":"[2023-07-02 14:27:03.448]","caller":"test/test.go:16","msg":"query * from users where username = user"}
{"level":"info","ts":"[2023-07-02 14:31:26.211]","caller":"test/test.go:16","msg":"query * from users where username = zcy"}
{"level":"info","ts":"[2023-07-02 14:32:01.977]","caller":"gin@v1.9.1/context.go:174","msg":"Before request %!(EXTRA zapcore.Field={request 23 0  0xc00013e400})"}
{"level":"info","ts":"[2023-07-02 14:32:45.066]","caller":"test/test.go:16","msg":"query * from users where username = zcy"}
{"level":"info","ts":"[2023-07-02 14:33:01.228]","caller":"gin@v1.9.1/context.go:174","msg":"Before request %!(EXTRA zapcore.Field={request 23 0  0xc00013e200})"}
{"level":"info","ts":"[2023-07-02 14:39:22.197]","caller":"test/test.go:19","msg":"query by id = 1"}
{"level":"info","ts":"[2023-07-02 14:40:00.247]","caller":"test/test.go:19","msg":"query by id = 1"}
{"level":"info","ts":"[2023-07-02 14:41:10.814]","caller":"gin@v1.9.1/context.go:174","msg":"Before request %!(EXTRA zapcore.Field={request 23 0  0xc00006a000})"}
{"level":"info","ts":"[2023-07-02 14:41:10.816]","caller":"service/UserService.go:44","msg":"query by id = 1"}
{"level":"info","ts":"[2023-07-02 14:41:10.816]","caller":"gin@v1.9.1/context.go:174","msg":"After request %!(EXTRA zapcore.Field={request 11 200  <nil>})"}
{"level":"info","ts":"[2023-07-02 14:42:10.442]","caller":"gin@v1.9.1/context.go:174","msg":"Before request %!(EXTRA zapcore.Field={request 23 0  0xc00009c000})"}
{"level":"info","ts":"[2023-07-02 14:42:10.444]","caller":"service/UserService.go:44","msg":"query by id = 1"}
{"level":"info","ts":"[2023-07-02 14:42:10.444]","caller":"gin@v1.9.1/context.go:174","msg":"After request %!(EXTRA zapcore.Field={request 11 400  <nil>})"}
{"level":"info","ts":"[2023-07-02 14:42:38.170]","caller":"gin@v1.9.1/context.go:174","msg":"Before request %!(EXTRA zapcore.Field={request 23 0  0xc0006b0300})"}
{"level":"info","ts":"[2023-07-02 14:42:38.172]","caller":"service/UserService.go:44","msg":"query by id = 1"}
{"level":"info","ts":"[2023-07-02 14:42:38.172]","caller":"gin@v1.9.1/context.go:174","msg":"After request %!(EXTRA zapcore.Field={request 11 400  <nil>})"}
{"level":"info","ts":"[2023-07-02 14:43:06.509]","caller":"gin@v1.9.1/context.go:174","msg":"Before request %!(EXTRA zapcore.Field={request 23 0  0xc00078c200})"}
{"level":"info","ts":"[2023-07-02 14:43:06.511]","caller":"service/UserService.go:44","msg":"query by id = 1"}
{"level":"info","ts":"[2023-07-02 14:43:06.511]","caller":"gin@v1.9.1/context.go:174","msg":"After request %!(EXTRA zapcore.Field={request 11 400  <nil>})"}
{"level":"info","ts":"[2023-07-02 14:43:43.969]","caller":"gin@v1.9.1/context.go:174","msg":"Before request %!(EXTRA zapcore.Field={request 23 0  0xc000716100})"}
{"level":"info","ts":"[2023-07-02 14:43:43.971]","caller":"service/UserService.go:44","msg":"query by id = 1"}
{"level":"info","ts":"[2023-07-02 14:43:43.971]","caller":"gin@v1.9.1/context.go:174","msg":"After request %!(EXTRA zapcore.Field={request 11 200  <nil>})"}
{"level":"info","ts":"[2023-07-02 14:43:48.304]","caller":"gin@v1.9.1/context.go:174","msg":"Before request %!(EXTRA zapcore.Field={request 23 0  0xc00051c400})"}
{"level":"info","ts":"[2023-07-02 14:43:48.306]","caller":"service/UserService.go:44","msg":"query by id = 2"}
{"level":"info","ts":"[2023-07-02 14:43:48.306]","caller":"gin@v1.9.1/context.go:174","msg":"After request %!(EXTRA zapcore.Field={request 11 200  <nil>})"}
{"level":"info","ts":"[2023-07-02 14:45:00.855]","caller":"gin@v1.9.1/context.go:174","msg":"Before request %!(EXTRA zapcore.Field={request 23 0  0xc00073e000})"}
{"level":"info","ts":"[2023-07-02 14:45:00.857]","caller":"service/UserService.go:44","msg":"query by id = 2"}
{"level":"info","ts":"[2023-07-02 14:45:00.858]","caller":"gin@v1.9.1/context.go:174","msg":"After request %!(EXTRA zapcore.Field={request 11 400  <nil>})"}
{"level":"info","ts":"[2023-07-02 14:45:08.937]","caller":"gin@v1.9.1/context.go:174","msg":"Before request %!(EXTRA zapcore.Field={request 23 0  0xc00013e500})"}
{"level":"info","ts":"[2023-07-02 14:45:08.939]","caller":"service/UserService.go:44","msg":"query by id = 1"}
{"level":"info","ts":"[2023-07-02 14:45:08.939]","caller":"gin@v1.9.1/context.go:174","msg":"After request %!(EXTRA zapcore.Field={request 11 400  <nil>})"}
{"level":"info","ts":"[2023-07-02 14:45:45.289]","caller":"gin@v1.9.1/context.go:174","msg":"Before request %!(EXTRA zapcore.Field={request 23 0  0xc00073e200})"}
{"level":"info","ts":"[2023-07-02 14:45:45.290]","caller":"gin@v1.9.1/context.go:174","msg":"After request %!(EXTRA zapcore.Field={request 11 404  <nil>})"}
{"level":"info","ts":"[2023-07-02 14:46:02.702]","caller":"gin@v1.9.1/context.go:174","msg":"Before request %!(EXTRA zapcore.Field={request 23 0  0xc00009c100})"}
{"level":"info","ts":"[2023-07-02 14:46:02.703]","caller":"service/login.go:22","msg":"username is zcy, password is 12345"}
{"level":"info","ts":"[2023-07-02 14:46:02.703]","caller":"gin@v1.9.1/context.go:174","msg":"After request %!(EXTRA zapcore.Field={request 11 200  <nil>})"}
{"level":"info","ts":"[2023-07-02 14:49:44.185]","caller":"service/login.go:22","msg":"username is zcy, password is 12345"}
{"level":"info","ts":"[2023-07-02 14:49:57.058]","caller":"service/UserService.go:44","msg":"query by id = 1"}
{"level":"info","ts":"[2023-07-02 14:50:49.064]","caller":"service/UserService.go:44","msg":"query by id = 1"}
{"level":"info","ts":"[2023-07-02 14:51:14.701]","caller":"service/UserService.go:44","msg":"query by id = 1"}
{"level":"info","ts":"[2023-07-02 14:51:36.113]","caller":"service/UserService.go:44","msg":"query by id = 1"}
{"level":"info","ts":"[2023-07-02 14:55:03.415]","caller":"test/test.go:19","msg":"query by id = 1"}
{"level":"info","ts":"[2023-07-02 14:55:42.118]","caller":"service/UserService.go:44","msg":"query by id = 1"}
{"level":"info","ts":"[2023-07-02 14:55:46.268]","caller":"service/UserService.go:44","msg":"query by id = 2"}
{"level":"info","ts":"[2023-07-02 14:57:08.138]","caller":"service/UserService.go:44","msg":"query by id = 1"}
{"level":"info","ts":"[2023-07-02 14:57:11.870]","caller":"service/UserService.go:44","msg":"query by id = 2"}
{"level":"info","ts":"[2023-07-02 14:57:20.398]","caller":"service/UserService.go:44","msg":"query by id = 3"}
{"level":"info","ts":"[2023-07-02 14:57:56.512]","caller":"test/test.go:19","msg":"query by id = 2"}
{"level":"info","ts":"[2023-07-02 14:59:10.391]","caller":"test/test.go:19","msg":"query by id = 2"}
{"level":"info","ts":"[2023-07-02 14:59:53.019]","caller":"test/test.go:19","msg":"query by id = 2"}
{"level":"info","ts":"[2023-07-02 15:07:53.792]","caller":"test/test.go:19","msg":"query by id = 2"}
{"level":"info","ts":"[2023-07-02 15:14:24.838]","caller":"test/test.go:19","msg":"query by id = 2"}
{"level":"info","ts":"[2023-07-02 15:18:56.387]","caller":"test/test.go:19","msg":"query by id = 2"}
{"level":"info","ts":"[2023-07-02 15:19:35.706]","caller":"test/test.go:19","msg":"query by id = 2"}
{"level":"info","ts":"[2023-07-02 15:20:31.259]","caller":"test/test.go:19","msg":"query by id = 2"}
{"level":"info","ts":"[2023-07-02 15:20:56.689]","caller":"test/test.go:19","msg":"query by id = 2"}
{"level":"info","ts":"[2023-07-02 15:21:20.457]","caller":"test/test.go:19","msg":"query by id = 2"}
{"level":"info","ts":"[2023-07-02 16:18:15.961]","caller":"test/test.go:19","msg":"query by id = 2"}
{"level":"info","ts":"[2023-07-02 16:18:29.298]","caller":"test/test.go:19","msg":"query by id = 2"}
{"level":"info","ts":"[2023-07-02 16:18:55.124]","caller":"test/test.go:19","msg":"query by id = 2"}
{"level":"info","ts":"[2023-07-02 16:19:22.976]","caller":"test/test.go:19","msg":"query by id = 2"}
{"level":"info","ts":"[2023-07-02 16:19:29.517]","caller":"test/test.go:19","msg":"query by id = 2"}
{"level":"info","ts":"[2023-07-02 16:27:54.497]","caller":"test/test.go:19","msg":"query by id = 2"}
